2022-02-21 00:01:20 info: =================================
2022-02-21 00:01:21 info: =================================
2022-02-21 00:01:21 info: ======= ENV: dev =======
2022-02-21 00:01:21 info: 🚀 App listening on the port 3000
2022-02-21 00:01:21 info: =================================
2022-02-21 00:01:31 info: [0mGET /api/uploader/sharepointUpload [32m200[0m 66.250 ms - -[0m
2022-02-21 00:34:30 info: =================================
2022-02-21 00:34:30 info: =================================
2022-02-21 00:34:30 info: ======= ENV: dev =======
2022-02-21 00:34:30 info: 🚀 App listening on the port 3000
2022-02-21 00:34:30 info: =================================
2022-02-21 00:34:35 info: [0mGET /api/uploader/sharepointUpload [32m200[0m 103.484 ms - -[0m
2022-02-21 00:45:50 info: [0mGET /api/uploader/sharepointUpload [32m200[0m 39.625 ms - -[0m
2022-02-21 03:49:51 info: =================================
2022-02-21 03:49:51 info: =================================
2022-02-21 03:49:51 info: ======= ENV: dev =======
2022-02-21 03:49:51 info: 🚀 App listening on the port 3000
2022-02-21 03:49:51 info: =================================
2022-02-21 03:49:53 info: [0mGET /api/uploader/sharepointUpload [32m200[0m 75.773 ms - -[0m
2022-02-21 03:55:12 info: =================================
2022-02-21 03:55:12 info: =================================
2022-02-21 03:55:12 info: ======= ENV: dev =======
2022-02-21 03:55:12 info: 🚀 App listening on the port 3000
2022-02-21 03:55:12 info: =================================
2022-02-21 03:55:15 info: [0mGET /api/uploader/sharepointUpload [32m200[0m 65.017 ms - -[0m
2022-02-21 03:55:54 info: =================================
2022-02-21 03:55:54 info: =================================
2022-02-21 03:55:54 info: ======= ENV: dev =======
2022-02-21 03:55:54 info: 🚀 App listening on the port 3000
2022-02-21 03:55:54 info: =================================
2022-02-21 03:56:07 info: [0mGET /api/uploader/sharepointUpload [32m200[0m 5240.748 ms - -[0m
2022-02-21 04:21:58 info: =================================
2022-02-21 04:21:58 info: =================================
2022-02-21 04:21:58 info: ======= ENV: dev =======
2022-02-21 04:21:58 info: 🚀 App listening on the port 3000
2022-02-21 04:21:58 info: =================================
2022-02-21 04:22:10 info: [0mGET /api/uploader/sharepointUpload [32m200[0m 96.172 ms - -[0m
2022-02-21 04:22:40 info: =================================
2022-02-21 04:22:47 info: =================================
2022-02-21 04:22:47 info: ======= ENV: dev =======
2022-02-21 04:22:47 info: 🚀 App listening on the port 3000
2022-02-21 04:22:47 info: =================================
2022-02-21 04:22:52 info: [0mGET /api/uploader/sharepointUpload [32m200[0m 69.963 ms - -[0m
2022-02-21 04:26:25 info: =================================
2022-02-21 04:26:25 info: =================================
2022-02-21 04:26:25 info: ======= ENV: dev =======
2022-02-21 04:26:25 info: 🚀 App listening on the port 3000
2022-02-21 04:26:25 info: =================================
2022-02-21 04:26:30 info: [0mGET /api/uploader/sharepointUpload [32m200[0m 50.385 ms - -[0m
2022-02-21 04:27:31 info: =================================
2022-02-21 04:27:41 info: =================================
2022-02-21 04:27:41 info: ======= ENV: dev =======
2022-02-21 04:27:41 info: 🚀 App listening on the port 3000
2022-02-21 04:27:41 info: =================================
2022-02-21 04:27:55 info: [0mGET /api/uploader/sharepointUpload [32m200[0m 50.654 ms - -[0m
2022-02-21 04:29:43 info: =================================
2022-02-21 04:29:43 info: =================================
2022-02-21 04:29:43 info: ======= ENV: dev =======
2022-02-21 04:29:43 info: 🚀 App listening on the port 3000
2022-02-21 04:29:43 info: =================================
2022-02-21 04:35:11 info: =================================
2022-02-21 04:35:11 info: =================================
2022-02-21 04:35:11 info: ======= ENV: dev =======
2022-02-21 04:35:11 info: 🚀 App listening on the port 3000
2022-02-21 04:35:11 info: =================================
2022-02-21 04:35:17 info: [0mGET /api/uploader/sharepointUpload [32m200[0m 47.207 ms - -[0m
2022-02-21 04:37:01 info: =================================
2022-02-21 04:37:41 info: =================================
2022-02-21 04:37:41 info: ======= ENV: dev =======
2022-02-21 04:37:41 info: 🚀 App listening on the port 3000
2022-02-21 04:37:41 info: =================================
2022-02-21 04:37:48 info: [0mGET /api/uploader/sharepointUpload [32m200[0m 53.029 ms - -[0m
2022-02-21 04:39:01 info: =================================
2022-02-21 04:39:01 info: =================================
2022-02-21 04:39:01 info: ======= ENV: dev =======
2022-02-21 04:39:01 info: 🚀 App listening on the port 3000
2022-02-21 04:39:01 info: =================================
2022-02-21 04:39:10 info: [0mGET /api/uploader/sharepointUpload [32m200[0m 59.173 ms - -[0m
2022-02-21 04:40:12 info: =================================
2022-02-21 04:40:12 info: =================================
2022-02-21 04:40:12 info: ======= ENV: dev =======
2022-02-21 04:40:12 info: 🚀 App listening on the port 3000
2022-02-21 04:40:12 info: =================================
2022-02-21 04:40:15 info: [0mGET /api/uploader/sharepointUpload [32m200[0m 70.017 ms - -[0m
2022-02-21 04:40:55 info: =================================
2022-02-21 04:40:55 info: =================================
2022-02-21 04:40:55 info: ======= ENV: dev =======
2022-02-21 04:40:55 info: 🚀 App listening on the port 3000
2022-02-21 04:40:55 info: =================================
2022-02-21 04:40:55 info: [0mGET /api/uploader/sharepointUpload [32m200[0m 53.506 ms - -[0m
2022-02-21 04:45:50 info: =================================
2022-02-21 04:45:50 info: =================================
2022-02-21 04:45:50 info: ======= ENV: dev =======
2022-02-21 04:45:50 info: 🚀 App listening on the port 3000
2022-02-21 04:45:50 info: =================================
2022-02-21 04:45:51 info: [0mGET /api/uploader/sharepointUpload [32m200[0m 98.318 ms - -[0m
2022-02-21 04:59:22 info: =================================
2022-02-21 04:59:22 info: =================================
2022-02-21 04:59:22 info: ======= ENV: dev =======
2022-02-21 04:59:22 info: 🚀 App listening on the port 3000
2022-02-21 04:59:22 info: =================================
2022-02-21 04:59:24 info: [0mGET /api/uploader/sharepointUpload [32m200[0m 98.872 ms - -[0m
2022-02-21 05:23:07 info: =================================
2022-02-21 05:23:07 info: =================================
2022-02-21 05:23:07 info: ======= ENV: dev =======
2022-02-21 05:23:07 info: 🚀 App listening on the port 3000
2022-02-21 05:23:07 info: =================================
2022-02-21 05:23:11 info: [0mGET /api/uploader/sharepointUpload [32m200[0m 105.318 ms - -[0m
2022-02-21 05:27:19 info: =================================
2022-02-21 05:27:19 info: =================================
2022-02-21 05:27:19 info: ======= ENV: dev =======
2022-02-21 05:27:19 info: 🚀 App listening on the port 3000
2022-02-21 05:27:19 info: =================================
2022-02-21 05:27:41 info: [0mGET /api/uploader/sharepointUpload [32m200[0m 15331.831 ms - -[0m
2022-02-21 05:29:33 info: =================================
2022-02-21 05:29:34 info: =================================
2022-02-21 05:29:34 info: ======= ENV: dev =======
2022-02-21 05:29:34 info: 🚀 App listening on the port 3000
2022-02-21 05:29:34 info: =================================
2022-02-21 05:29:45 info: [0mGET /api/uploader/sharepointUpload [32m200[0m 5293.676 ms - -[0m
2022-02-21 05:29:46 info: [0mGET /api/uploader/sharepointUpload [32m200[0m 71.064 ms - -[0m
2022-02-21 05:30:49 info: =================================
2022-02-21 05:30:49 info: =================================
2022-02-21 05:30:49 info: ======= ENV: dev =======
2022-02-21 05:30:49 info: 🚀 App listening on the port 3000
2022-02-21 05:30:49 info: =================================
2022-02-21 05:30:55 info: [0mGET /api/uploader/sharepointUpload [32m200[0m 55.858 ms - -[0m
2022-02-21 05:31:21 info: =================================
2022-02-21 05:31:21 info: =================================
2022-02-21 05:31:21 info: ======= ENV: dev =======
2022-02-21 05:31:21 info: 🚀 App listening on the port 3000
2022-02-21 05:31:21 info: =================================
2022-02-21 05:31:40 info: [0mGET /api/uploader/sharepointUpload [32m200[0m 42.062 ms - -[0m
2022-02-21 05:32:45 info: =================================
2022-02-21 05:32:45 info: =================================
2022-02-21 05:32:45 info: ======= ENV: dev =======
2022-02-21 05:32:45 info: 🚀 App listening on the port 3000
2022-02-21 05:32:45 info: =================================
2022-02-21 05:32:53 info: [0mGET /api/uploader/sharepointUpload [32m200[0m 66.156 ms - -[0m
2022-02-21 05:33:24 info: =================================
2022-02-21 05:33:24 info: =================================
2022-02-21 05:33:24 info: ======= ENV: dev =======
2022-02-21 05:33:24 info: 🚀 App listening on the port 3000
2022-02-21 05:33:24 info: =================================
2022-02-21 05:33:30 info: [0mGET /api/uploader/sharepointUpload [32m200[0m 62.017 ms - -[0m
2022-02-21 05:33:30 info: [0mGET /api/uploader/sharepointUpload [32m200[0m 23.276 ms - -[0m
2022-02-21 05:34:38 info: =================================
2022-02-21 05:34:38 info: =================================
2022-02-21 05:34:38 info: ======= ENV: dev =======
2022-02-21 05:34:39 info: 🚀 App listening on the port 3000
2022-02-21 05:34:39 info: =================================
2022-02-21 05:34:40 info: [0mGET /api/uploader/sharepointUpload [32m200[0m 55.398 ms - -[0m
2022-02-21 05:34:58 info: =================================
2022-02-21 05:34:58 info: =================================
2022-02-21 05:34:58 info: ======= ENV: dev =======
2022-02-21 05:34:58 info: 🚀 App listening on the port 3000
2022-02-21 05:34:58 info: =================================
2022-02-21 05:34:59 info: [0mGET /api/uploader/sharepointUpload [32m200[0m 46.612 ms - -[0m
2022-02-21 05:35:52 info: =================================
2022-02-21 05:35:52 info: =================================
2022-02-21 05:35:52 info: ======= ENV: dev =======
2022-02-21 05:35:52 info: 🚀 App listening on the port 3000
2022-02-21 05:35:52 info: =================================
2022-02-21 05:35:54 info: [0mGET /api/uploader/sharepointUpload [32m200[0m 57.488 ms - -[0m
2022-02-21 05:38:25 info: =================================
2022-02-21 05:38:25 info: =================================
2022-02-21 05:38:25 info: ======= ENV: dev =======
2022-02-21 05:38:25 info: 🚀 App listening on the port 3000
2022-02-21 05:38:25 info: =================================
2022-02-21 05:38:26 info: [0mGET /api/sharepoint/sync [33m404[0m 13.715 ms - 158[0m
2022-02-21 05:38:39 info: [0mGET /api/sharepoint/sync [33m404[0m 3.761 ms - 158[0m
2022-02-21 05:38:48 info: [0mGET /api/uploader/sharepointUpload [32m200[0m 52.263 ms - -[0m
2022-02-21 05:39:12 info: =================================
2022-02-21 05:39:12 info: =================================
2022-02-21 05:39:12 info: ======= ENV: dev =======
2022-02-21 05:39:12 info: 🚀 App listening on the port 3000
2022-02-21 05:39:12 info: =================================
2022-02-21 05:39:27 info: =================================
2022-02-21 05:39:27 info: =================================
2022-02-21 05:39:27 info: ======= ENV: dev =======
2022-02-21 05:39:27 info: 🚀 App listening on the port 3000
2022-02-21 05:39:27 info: =================================
2022-02-21 05:39:27 info: [0mGET /api/uploader/sharepointUpload [32m200[0m 63.274 ms - -[0m
2022-02-21 13:33:09 info: =================================
2022-02-21 13:33:09 info: =================================
2022-02-21 13:33:09 info: ======= ENV: dev =======
2022-02-21 13:33:09 info: 🚀 App listening on the port 3000
2022-02-21 13:33:09 info: =================================
2022-02-21 13:34:25 info: [0mGET /api/uploader/sharepointUpload [32m200[0m 100.172 ms - -[0m
2022-02-21 13:37:17 info: =================================
2022-02-21 13:37:17 info: =================================
2022-02-21 13:37:17 info: ======= ENV: dev =======
2022-02-21 13:37:17 info: 🚀 App listening on the port 3000
2022-02-21 13:37:17 info: =================================
2022-02-21 13:37:31 info: =================================
2022-02-21 13:37:32 info: =================================
2022-02-21 13:37:32 info: ======= ENV: dev =======
2022-02-21 13:37:32 info: 🚀 App listening on the port 3000
2022-02-21 13:37:32 info: =================================
2022-02-21 13:37:35 info: [0mGET /api/uploader/sharepointUpload [32m200[0m 61.325 ms - -[0m
2022-02-21 13:47:37 info: [0mGET /api/uploader/sharepointUpload [32m200[0m 60.020 ms - -[0m
